Arguments: 
  /Users/jyichong/.nvm/versions/node/v16.2.0/bin/node /usr/local/Cellar/yarn/1.22.10/libexec/bin/yarn.js install

PATH: 
  /Users/jyichong/.nvm/versions/node/v16.2.0/bin:/Users/jyichong/.nvm/versions/node/v9.3.0/bin:/usr/local/bin:/usr/bin:/bin:/usr/sbin:/sbin:/usr/local/share/dotnet:~/.dotnet/tools:/Library/Apple/usr/bin:/Library/Frameworks/Mono.framework/Versions/Current/Commands:/Users/jyichong/.nvm/versions/node/v9.3.0/bin

Yarn version: 
  1.22.10

Node version: 
  16.2.0

Platform: 
  darwin x64

Trace: 
  SyntaxError: /Users/jyichong/Desktop/closecount/server/package.json: Unexpected token / in JSON at position 201
      at JSON.parse (<anonymous>)
      at /usr/local/Cellar/yarn/1.22.10/libexec/lib/cli.js:1625:59
      at Generator.next (<anonymous>)
      at step (/usr/local/Cellar/yarn/1.22.10/libexec/lib/cli.js:310:30)
      at /usr/local/Cellar/yarn/1.22.10/libexec/lib/cli.js:321:13

npm manifest: 
  {
    "name": "Close Count",
    "version": "1.0.0",
    "description": "Social network for developers",
    "main": "server.js",
    "scripts": {
      "start": "node server",
      "server": "nodemon server"
      // "client": "npm start --prefix client",
      // "dev": "concurrently \"npm run server\" \"npm run client\""
    },
    "author": "Brad Traversy",
    "license": "MIT",
    "dependencies": {
      "axios": "^0.21.0",
      "bcryptjs": "^2.4.3",
      "client": "file:client",
      "config": "^3.3.3",
      "express": "^4.17.1",
      "express-validator": "^6.8.1",
      "gravatar": "^1.8.1",
      "jsonwebtoken": "^8.5.1",
      "mongoose": "^5.11.8",
      "normalize-url": "^5.3.0"
    },
    "devDependencies": {
      "concurrently": "^5.3.0",
      "nodemon": "^2.0.6"
    }
  }

yarn manifest: 
  No manifest

Lockfile: 
  No lockfile
